2026-04-13 16:30:10.234 [main] INFO  org.nyxdb.flight.FlightJdbcIntegrationTest - Testing Flight JDBC client against jdbc:arrow-flight-sql://localhost:8815?useEncryption=false 
2026-04-13 16:30:10.478 [main] INFO  org.nyxdb.flight.FlightJdbcIntegrationTest - ✓ Connected to Flight server
2026-04-13 16:31:37.113 [main] INFO  org.nyxdb.flight.FlightJdbcIntegrationTest - Testing Flight JDBC client against jdbc:arrow-flight-sql://localhost:8815?useEncryption=false 
2026-04-13 16:31:37.308 [main] INFO  org.nyxdb.flight.FlightJdbcIntegrationTest - ✓ Connected to Flight server
2026-04-13 16:31:40.207 [main] INFO  org.nyxdb.flight.FlightJdbcIntegrationTest - Testing Flight JDBC client against jdbc:arrow-flight-sql://localhost:8815?useEncryption=false 
2026-04-13 16:31:40.414 [main] INFO  org.nyxdb.flight.FlightJdbcIntegrationTest - ✓ Connected to Flight server
2026-04-13 16:32:46.167 [main] INFO  org.nyxdb.flight.FlightJdbcIntegrationTest - Testing Flight JDBC client against jdbc:arrow-flight-sql://localhost:8815?useEncryption=false 
2026-04-13 16:32:46.358 [main] INFO  org.nyxdb.flight.FlightJdbcIntegrationTest - ✓ Connected to Flight server
2026-04-13 16:32:48.160 [main] INFO  org.nyxdb.flight.FlightJdbcIntegrationTest - Testing Flight JDBC client against jdbc:arrow-flight-sql://localhost:8815?useEncryption=false 
2026-04-13 16:32:48.363 [main] INFO  org.nyxdb.flight.FlightJdbcIntegrationTest - ✓ Connected to Flight server
2026-04-13 16:32:51.333 [main] INFO  org.nyxdb.flight.FlightJdbcIntegrationTest - Testing Flight JDBC client against jdbc:arrow-flight-sql://localhost:8815?useEncryption=false 
2026-04-13 16:32:51.529 [main] INFO  org.nyxdb.flight.FlightJdbcIntegrationTest - ✓ Connected to Flight server
2026-04-13 16:32:58.186 [main] INFO  org.nyxdb.flight.FlightJdbcIntegrationTest - Testing Flight JDBC client against jdbc:arrow-flight-sql://localhost:8815?useEncryption=false 
2026-04-13 16:32:58.383 [main] INFO  org.nyxdb.flight.FlightJdbcIntegrationTest - ✓ Connected to Flight server
2026-04-13 16:33:31.918 [main] INFO  org.nyxdb.flight.FlightJdbcIntegrationTest - Testing Flight JDBC client against jdbc:arrow-flight-sql://localhost:8815?useEncryption=false 
2026-04-13 16:33:32.111 [main] INFO  org.nyxdb.flight.FlightJdbcIntegrationTest - ✓ Connected to Flight server
2026-04-13 16:33:34.803 [main] INFO  org.nyxdb.flight.FlightJdbcIntegrationTest - Testing Flight JDBC client against jdbc:arrow-flight-sql://localhost:8815?useEncryption=false 
2026-04-13 16:33:34.993 [main] INFO  org.nyxdb.flight.FlightJdbcIntegrationTest - ✓ Connected to Flight server
2026-04-13 16:35:44.270 [main] INFO  org.nyxdb.flight.FlightJdbcIntegrationTest - Testing Flight JDBC client against jdbc:arrow-flight-sql://localhost:8815?useEncryption=false 
2026-04-13 16:35:44.462 [main] INFO  org.nyxdb.flight.FlightJdbcIntegrationTest - ✓ Connected to Flight server
2026-04-13 16:35:54.674 [main] INFO  org.nyxdb.flight.FlightJdbcIntegrationTest - Testing Flight JDBC client against jdbc:arrow-flight-sql://localhost:8815?useEncryption=false 
2026-04-13 16:35:54.874 [main] INFO  org.nyxdb.flight.FlightJdbcIntegrationTest - ✓ Connected to Flight server
2026-04-13 16:36:37.889 [main] INFO  org.nyxdb.flight.FlightJdbcIntegrationTest - Testing Flight JDBC client against jdbc:arrow-flight-sql://localhost:8815?useEncryption=false 
2026-04-13 16:36:38.080 [main] INFO  org.nyxdb.flight.FlightJdbcIntegrationTest - ✓ Connected to Flight server
2026-04-13 16:38:58.135 [main] INFO  org.nyxdb.flight.FlightJdbcIntegrationTest - Testing Flight JDBC client against jdbc:arrow-flight-sql://localhost:8815?useEncryption=false 
2026-04-13 16:38:58.334 [main] INFO  org.nyxdb.flight.FlightJdbcIntegrationTest - ✓ Connected to Flight server
2026-04-13 16:41:00.232 [main] INFO  org.nyxdb.flight.FlightJdbcIntegrationTest - Testing Flight JDBC client against jdbc:arrow-flight-sql://localhost:8815?useEncryption=false 
2026-04-13 16:41:00.431 [main] INFO  org.nyxdb.flight.FlightJdbcIntegrationTest - ✓ Connected to Flight server
2026-04-13 16:45:26.702 [main] INFO  org.nyxdb.flight.FlightJdbcIntegrationTest - Testing Flight JDBC client against jdbc:arrow-flight-sql://localhost:8815?useEncryption=false 
2026-04-13 16:45:26.898 [main] INFO  org.nyxdb.flight.FlightJdbcIntegrationTest - ✓ Connected to Flight server
2026-04-13 16:46:05.251 [main] INFO  org.nyxdb.flight.FlightJdbcIntegrationTest - Testing Flight JDBC client against jdbc:arrow-flight-sql://localhost:8815?useEncryption=false 
2026-04-13 16:46:05.441 [main] INFO  org.nyxdb.flight.FlightJdbcIntegrationTest - ✓ Connected to Flight server
2026-04-13 16:48:21.811 [main] INFO  org.nyxdb.flight.FlightJdbcIntegrationTest - Testing Flight JDBC client against jdbc:arrow-flight-sql://localhost:8815?useEncryption=false 
2026-04-13 16:48:22.007 [main] INFO  org.nyxdb.flight.FlightJdbcIntegrationTest - ✓ Connected to Flight server
2026-04-13 16:48:53.201 [main] INFO  org.nyxdb.flight.FlightJdbcIntegrationTest - Testing Flight JDBC client against jdbc:arrow-flight-sql://localhost:8815?useEncryption=false 
2026-04-13 16:48:53.396 [main] INFO  org.nyxdb.flight.FlightJdbcIntegrationTest - ✓ Connected to Flight server
2026-04-13 16:51:05.873 [main] INFO  org.nyxdb.flight.FlightJdbcIntegrationTest - Testing Flight JDBC client against jdbc:arrow-flight-sql://localhost:8815?useEncryption=false 
2026-04-13 16:51:06.089 [main] INFO  org.nyxdb.flight.FlightJdbcIntegrationTest - ✓ Connected to Flight server
2026-04-13 20:50:36.552 [main] INFO  org.nyxdb.flight.FlightJdbcIntegrationTest - Testing Flight JDBC client against jdbc:arrow-flight-sql://localhost:8815?useEncryption=false 
2026-04-13 20:50:36.815 [main] INFO  org.nyxdb.flight.FlightJdbcIntegrationTest - ✓ Connected to Flight server
2026-04-13 20:55:09.096 [main] INFO  org.nyxdb.flight.FlightJdbcIntegrationTest - Testing Flight JDBC client against jdbc:arrow-flight-sql://localhost:8815?useEncryption=false 
2026-04-13 20:55:09.340 [main] INFO  org.nyxdb.flight.FlightJdbcIntegrationTest - ✓ Connected to Flight server
2026-04-13 20:55:09.659 [main] INFO  org.nyxdb.flight.FlightJdbcIntegrationTest - ✓ Table created
2026-04-13 20:55:09.670 [main] INFO  org.nyxdb.flight.FlightJdbcIntegrationTest - ✓ Inserted 2 rows
2026-04-13 21:18:11.996 [main] INFO  org.nyxdb.flight.FlightJdbcIntegrationTest - Testing Flight JDBC client against jdbc:arrow-flight-sql://localhost:8815?useEncryption=false 
2026-04-13 21:18:12.219 [main] INFO  org.nyxdb.flight.FlightJdbcIntegrationTest - ✓ Connected to Flight server
2026-04-13 21:18:12.488 [main] INFO  org.nyxdb.flight.FlightJdbcIntegrationTest - ✓ Table created
2026-04-13 21:18:12.497 [main] INFO  org.nyxdb.flight.FlightJdbcIntegrationTest - ✓ Inserted 2 rows
2026-04-13 21:20:54.171 [main] INFO  org.nyxdb.flight.FlightJdbcIntegrationTest - Testing Flight JDBC client against jdbc:arrow-flight-sql://localhost:8815?useEncryption=false 
2026-04-13 21:20:54.382 [main] INFO  org.nyxdb.flight.FlightJdbcIntegrationTest - ✓ Connected to Flight server
2026-04-13 21:20:54.668 [main] INFO  org.nyxdb.flight.FlightJdbcIntegrationTest - ✓ Table created
2026-04-13 21:20:54.678 [main] INFO  org.nyxdb.flight.FlightJdbcIntegrationTest - ✓ Inserted 2 rows
2026-04-13 21:23:54.926 [main] INFO  org.nyxdb.flight.FlightJdbcIntegrationTest - Testing Flight JDBC client against jdbc:arrow-flight-sql://localhost:8815?useEncryption=false 
2026-04-13 21:23:55.124 [main] INFO  org.nyxdb.flight.FlightJdbcIntegrationTest - ✓ Connected to Flight server
2026-04-13 21:25:35.990 [main] INFO  org.nyxdb.flight.FlightJdbcIntegrationTest - Testing Flight JDBC client against jdbc:arrow-flight-sql://localhost:8815?useEncryption=false 
2026-04-13 21:25:36.188 [main] INFO  org.nyxdb.flight.FlightJdbcIntegrationTest - ✓ Connected to Flight server
2026-04-13 21:32:23.209 [main] INFO  org.nyxdb.flight.FlightJdbcIntegrationTest - Testing Flight JDBC client against jdbc:arrow-flight-sql://localhost:8815?useEncryption=false 
2026-04-13 21:32:23.404 [main] INFO  org.nyxdb.flight.FlightJdbcIntegrationTest - ✓ Connected to Flight server
2026-04-13 21:34:26.051 [main] INFO  org.nyxdb.flight.FlightJdbcIntegrationTest - Testing Flight JDBC client against jdbc:arrow-flight-sql://localhost:8815?useEncryption=false 
2026-04-13 21:34:26.256 [main] INFO  org.nyxdb.flight.FlightJdbcIntegrationTest - ✓ Connected to Flight server
2026-04-13 21:35:53.425 [main] INFO  org.nyxdb.flight.FlightJdbcIntegrationTest - Testing Flight JDBC client against jdbc:arrow-flight-sql://localhost:8815?useEncryption=false 
2026-04-13 21:35:53.620 [main] INFO  org.nyxdb.flight.FlightJdbcIntegrationTest - ✓ Connected to Flight server
2026-04-13 21:37:25.888 [main] INFO  org.nyxdb.flight.FlightJdbcIntegrationTest - Testing Flight JDBC client against jdbc:arrow-flight-sql://localhost:8815?useEncryption=false 
2026-04-13 21:37:26.084 [main] INFO  org.nyxdb.flight.FlightJdbcIntegrationTest - ✓ Connected to Flight server
2026-04-13 21:41:00.481 [main] INFO  org.nyxdb.flight.FlightJdbcIntegrationTest - Testing Flight JDBC client against jdbc:arrow-flight-sql://localhost:8815?useEncryption=false 
2026-04-13 21:41:00.689 [main] INFO  org.nyxdb.flight.FlightJdbcIntegrationTest - ✓ Connected to Flight server
2026-04-13 21:44:23.228 [main] INFO  org.nyxdb.flight.FlightJdbcIntegrationTest - Testing Flight JDBC client against jdbc:arrow-flight-sql://localhost:8815?useEncryption=false 
2026-04-13 21:44:23.432 [main] INFO  org.nyxdb.flight.FlightJdbcIntegrationTest - ✓ Connected to Flight server
2026-04-13 21:48:12.107 [main] INFO  org.nyxdb.flight.FlightJdbcIntegrationTest - Testing Flight JDBC client against jdbc:arrow-flight-sql://localhost:8815?useEncryption=false 
2026-04-13 21:48:12.312 [main] INFO  org.nyxdb.flight.FlightJdbcIntegrationTest - ✓ Connected to Flight server
2026-04-13 21:48:14.386 [main] INFO  org.nyxdb.flight.FlightJdbcIntegrationTest - ✓ Table created
2026-04-13 21:48:14.406 [main] INFO  org.nyxdb.flight.FlightJdbcIntegrationTest - ✓ Inserted 2 rows
2026-04-13 21:48:14.430 [main] INFO  org.nyxdb.flight.FlightJdbcIntegrationTest - ✓ Query result: 2 rows
2026-04-13 21:50:02.576 [main] INFO  org.nyxdb.flight.FlightJdbcIntegrationTest - Testing Flight JDBC client against jdbc:arrow-flight-sql://localhost:8815?useEncryption=false 
2026-04-13 21:50:02.812 [main] INFO  org.nyxdb.flight.FlightJdbcIntegrationTest - ✓ Connected to Flight server
2026-04-13 21:50:04.193 [main] INFO  org.nyxdb.flight.FlightJdbcIntegrationTest - ✓ Table created
2026-04-13 21:50:04.212 [main] INFO  org.nyxdb.flight.FlightJdbcIntegrationTest - ✓ Inserted 2 rows
2026-04-13 21:50:04.235 [main] INFO  org.nyxdb.flight.FlightJdbcIntegrationTest - ✓ Query result: 2 rows
2026-04-13 21:51:32.457 [main] INFO  org.nyxdb.flight.FlightJdbcIntegrationTest - Testing Flight JDBC client against jdbc:arrow-flight-sql://localhost:8815?useEncryption=false 
2026-04-13 21:51:32.659 [main] INFO  org.nyxdb.flight.FlightJdbcIntegrationTest - ✓ Connected to Flight server
